<?xml version="1.0" encoding="UTF-8"?>
<!-- Generated by org.testng.reporters.JUnitXMLReporter -->
<testsuite ignored="0" hostname="Hassan-Ka" failures="0" tests="4" name="petUsersTest" time="3.105" errors="0" timestamp="2024-01-05T21:29:24 EST">
  <testcase classname="api.test.UserTests2" name="testPostUser" time="1.596"/>
  <testcase classname="api.test.UserTests2" name="testGetUserByName" time="0.208"/>
  <testcase classname="api.test.UserTests2" name="testUpdateUserByName" time="0.378"/>
  <testcase classname="api.test.UserTests2" name="testDeleteUserByName" time="0.168"/>
</testsuite> <!-- petUsersTest -->
