<?xml version="1.0" encoding="UTF-8"?>
<!-- Generated by org.testng.reporters.JUnitXMLReporter -->
<testsuite ignored="0" hostname="Hassan-Ka" failures="0" tests="4" name="Default test" time="2.74" errors="0" timestamp="2024-01-05T14:12:44 EST">
  <testcase classname="api.test.UserTests2" name="testPostUser" time="1.345"/>
  <testcase classname="api.test.UserTests2" name="testGetUserByName" time="0.231"/>
  <testcase classname="api.test.UserTests2" name="testUpdateUserByName" time="0.36"/>
  <testcase classname="api.test.UserTests2" name="testDeleteUserByName" time="0.209"/>
</testsuite> <!-- Default test -->
