<?xml version="1.0" encoding="UTF-8"?>
<testsuite xmlns:xsi="http://www.w3.org/2001/XMLSchema-instance" xsi:noNamespaceSchemaLocation="https://maven.apache.org/surefire/maven-surefire-plugin/xsd/surefire-test-report.xsd" name="TestSuite" time="3.95" tests="4" errors="0" skipped="0" failures="0">
  <properties>
[...]
</properties>
  <testcase name="testPostUser" classname="api.test.UserTests2" time="1.607"/>
  <testcase name="testGetUserByName" classname="api.test.UserTests2" time="0.208"/>
  <testcase name="testUpdateUserByName" classname="api.test.UserTests2" time="0.378"/>
  <testcase name="testDeleteUserByName" classname="api.test.UserTests2" time="0.168"/>
</testsuite>