<?xml version="1.0" encoding="UTF-8"?>
<testng-results ignored="0" total="4" passed="4" failed="0" skipped="0">
  <reporter-output>
  </reporter-output>
  <suite started-at="2024-01-05T21:29:21 EST" name="petUser" finished-at="2024-01-05T21:29:24 EST" duration-ms="3105">
    <groups>
    </groups>
    <test started-at="2024-01-05T21:29:21 EST" name="petUsersTest" finished-at="2024-01-05T21:29:24 EST" duration-ms="3105">
      <class name="api.test.UserTests2">
        <test-method is-config="true" signature="setup()[pri:0, instance:api.test.UserTests2@d5b810e]" started-at="2024-01-05T21:29:21 EST" name="setup" finished-at="2024-01-05T21:29:22 EST" duration-ms="550" status="PASS">
          <reporter-output>
          </reporter-output>
        </test-method> <!-- setup -->
        <test-method signature="testPostUser()[pri:1, instance:api.test.UserTests2@d5b810e]" started-at="2024-01-05T21:29:22 EST" name="testPostUser" finished-at="2024-01-05T21:29:23 EST" duration-ms="1596" status="PASS">
          <reporter-output>
          </reporter-output>
        </test-method> <!-- testPostUser -->
        <test-method signature="testGetUserByName()[pri:2, instance:api.test.UserTests2@d5b810e]" started-at="2024-01-05T21:29:23 EST" name="testGetUserByName" finished-at="2024-01-05T21:29:24 EST" duration-ms="208" status="PASS">
          <reporter-output>
          </reporter-output>
        </test-method> <!-- testGetUserByName -->
        <test-method signature="testUpdateUserByName()[pri:3, instance:api.test.UserTests2@d5b810e]" started-at="2024-01-05T21:29:24 EST" name="testUpdateUserByName" finished-at="2024-01-05T21:29:24 EST" duration-ms="378" status="PASS">
          <reporter-output>
          </reporter-output>
        </test-method> <!-- testUpdateUserByName -->
        <test-method signature="testDeleteUserByName()[pri:4, instance:api.test.UserTests2@d5b810e]" started-at="2024-01-05T21:29:24 EST" name="testDeleteUserByName" finished-at="2024-01-05T21:29:24 EST" duration-ms="168" status="PASS">
          <reporter-output>
          </reporter-output>
        </test-method> <!-- testDeleteUserByName -->
      </class> <!-- api.test.UserTests2 -->
    </test> <!-- petUsersTest -->
  </suite> <!-- petUser -->
</testng-results>
