<?xml version="1.0" encoding="UTF-8"?>
<testng-results ignored="0" total="4" passed="4" failed="0" skipped="0">
  <reporter-output>
  </reporter-output>
  <suite started-at="2024-01-05T20:49:28 EST" name="petUser" finished-at="2024-01-05T20:49:31 EST" duration-ms="2878">
    <groups>
    </groups>
    <test started-at="2024-01-05T20:49:28 EST" name="petUsersTest" finished-at="2024-01-05T20:49:31 EST" duration-ms="2878">
      <class name="api.test.UserTests2">
        <test-method is-config="true" signature="setup()[pri:0, instance:api.test.UserTests2@1c7696c6]" started-at="2024-01-05T20:49:29 EST" name="setup" finished-at="2024-01-05T20:49:29 EST" duration-ms="465" status="PASS">
          <reporter-output>
          </reporter-output>
        </test-method> <!-- setup -->
        <test-method signature="testPostUser()[pri:1, instance:api.test.UserTests2@1c7696c6]" started-at="2024-01-05T20:49:29 EST" name="testPostUser" finished-at="2024-01-05T20:49:30 EST" duration-ms="1469" status="PASS">
          <reporter-output>
          </reporter-output>
        </test-method> <!-- testPostUser -->
        <test-method signature="testGetUserByName()[pri:2, instance:api.test.UserTests2@1c7696c6]" started-at="2024-01-05T20:49:30 EST" name="testGetUserByName" finished-at="2024-01-05T20:49:31 EST" duration-ms="187" status="PASS">
          <reporter-output>
          </reporter-output>
        </test-method> <!-- testGetUserByName -->
        <test-method signature="testUpdateUserByName()[pri:3, instance:api.test.UserTests2@1c7696c6]" started-at="2024-01-05T20:49:31 EST" name="testUpdateUserByName" finished-at="2024-01-05T20:49:31 EST" duration-ms="361" status="PASS">
          <reporter-output>
          </reporter-output>
        </test-method> <!-- testUpdateUserByName -->
        <test-method signature="testDeleteUserByName()[pri:4, instance:api.test.UserTests2@1c7696c6]" started-at="2024-01-05T20:49:31 EST" name="testDeleteUserByName" finished-at="2024-01-05T20:49:31 EST" duration-ms="178" status="PASS">
          <reporter-output>
          </reporter-output>
        </test-method> <!-- testDeleteUserByName -->
      </class> <!-- api.test.UserTests2 -->
    </test> <!-- petUsersTest -->
  </suite> <!-- petUser -->
</testng-results>
