<?xml version="1.0" encoding="UTF-8"?>
<!-- Generated by org.testng.reporters.JUnitXMLReporter -->
<testsuite ignored="0" hostname="Hassan-Ka" failures="0" tests="4" name="petUsersTest" time="2.878" errors="0" timestamp="2024-01-05T20:49:31 EST">
  <testcase classname="api.test.UserTests2" name="testPostUser" time="1.469"/>
  <testcase classname="api.test.UserTests2" name="testGetUserByName" time="0.187"/>
  <testcase classname="api.test.UserTests2" name="testUpdateUserByName" time="0.361"/>
  <testcase classname="api.test.UserTests2" name="testDeleteUserByName" time="0.178"/>
</testsuite> <!-- petUsersTest -->
